2025-05-01 17:58:34,321 [INFO] === 开始Harris R值优化实验 ===
2025-05-01 17:58:34,336 [ERROR] 实验失败!
Traceback (most recent call last):
  File "D:\cognitive-cwk\test2.py", line 231, in <module>
    start_time = time.time()
                 ^^^^
NameError: name 'time' is not defined
